<?xml version="1.0" encoding="UTF-8"?>
<!-- Generated by org.testng.reporters.JUnitReportReporter -->
<testsuite hostname="SadakarP" failures="0" tests="1" name="com.sadakar.testng.runner.CucumberRunnerTest" time="11.475" errors="0" timestamp="2022-07-05T19:06:57 IST" skipped="0">
  <testcase classname="com.sadakar.testng.runner.CucumberRunnerTest" name="runScenario" time="11.475"/>
  <system-out/>
</testsuite> <!-- com.sadakar.testng.runner.CucumberRunnerTest -->
