<?xml version="1.0" encoding="UTF-8"?>
<!-- Generated by org.testng.reporters.JUnitReportReporter -->
<testsuite hostname="SadakarP" failures="0" tests="4" name="com.sadakar.testng.runner.RunCucumberTest" time="68.328" errors="0" timestamp="2022-07-06T12:58:01 IST" skipped="0">
  <testcase classname="com.sadakar.testng.runner.RunCucumberTest" name="runScenario" time="22.970"/>
  <system-out/>
  <testcase classname="com.sadakar.testng.runner.RunCucumberTest" name="runScenario" time="13.010"/>
  <system-out/>
  <testcase classname="com.sadakar.testng.runner.RunCucumberTest" name="runScenario" time="11.426"/>
  <system-out/>
  <testcase classname="com.sadakar.testng.runner.RunCucumberTest" name="runScenario" time="20.922"/>
  <system-out/>
</testsuite> <!-- com.sadakar.testng.runner.RunCucumberTest -->
