<?xml version="1.0" encoding="UTF-8"?>
<!-- Generated by org.testng.reporters.JUnitReportReporter -->
<testsuite skipped="0" hostname="SadakarP" name="com.sadakar.testng.runner.RunCucumberTest" tests="4" failures="0" timestamp="2022-07-06T13:01:03 IST" time="76.165" errors="0">
  <testcase name="runScenario" time="15.278" classname="com.sadakar.testng.runner.RunCucumberTest"/>
  <system-out/>
  <testcase name="runScenario" time="23.932" classname="com.sadakar.testng.runner.RunCucumberTest"/>
  <system-out/>
  <testcase name="runScenario" time="13.742" classname="com.sadakar.testng.runner.RunCucumberTest"/>
  <system-out/>
  <testcase name="runScenario" time="23.213" classname="com.sadakar.testng.runner.RunCucumberTest"/>
  <system-out/>
</testsuite> <!-- com.sadakar.testng.runner.RunCucumberTest -->
